app/build/intermediates/manifest_merge_blame_file/release/manifest-merger-blame-release-report.txt
1<?xml version="1.0" encoding="utf-8"?>
2<manifest xmlns:android="http://schemas.android.com/apk/res/android"
3    package="com.codelearn.android"
4    android:versionCode="1"
5    android:versionName="1.0" >
6
7    <uses-sdk
8        android:minSdkVersion="26"
8-->src/main/AndroidManifest.xml
9        android:targetSdkVersion="33" />
9-->src/main/AndroidManifest.xml
10
11    <!-- App berjalan sepenuhnya offline - tidak perlu akses internet -->
12
13
14    <!-- Storage permissions for file operations -->
15    <uses-permission android:name="android.permission.READ_EXTERNAL_STORAGE" />
15-->src/main/AndroidManifest.xml:8:5-80
15-->src/main/AndroidManifest.xml:8:22-77
16    <uses-permission
16-->src/main/AndroidManifest.xml:9:5-10:38
17        android:name="android.permission.WRITE_EXTERNAL_STORAGE"
17-->src/main/AndroidManifest.xml:9:22-78
18        android:maxSdkVersion="28" />
18-->src/main/AndroidManifest.xml:10:9-35
19
20    <!-- Wake lock for preventing screen sleep during coding -->
21    <uses-permission android:name="android.permission.WAKE_LOCK" />
21-->src/main/AndroidManifest.xml:13:5-68
21-->src/main/AndroidManifest.xml:13:22-65
22
23    <application
23-->src/main/AndroidManifest.xml:15:5-52:19
24        android:name="com.codelearn.android.CodeLearnApplication"
24-->src/main/AndroidManifest.xml:16:9-45
25        android:allowBackup="true"
25-->src/main/AndroidManifest.xml:17:9-35
26        android:appComponentFactory="androidx.core.app.CoreComponentFactory"
26-->[androidx.core:core:1.8.0] AndroidManifest.xml:24:18-86
27        android:dataExtractionRules="@xml/data_extraction_rules"
27-->src/main/AndroidManifest.xml:18:9-65
28        android:extractNativeLibs="false"
29        android:fullBackupContent="@xml/backup_rules"
29-->src/main/AndroidManifest.xml:19:9-54
30        android:icon="@mipmap/ic_launcher"
30-->src/main/AndroidManifest.xml:20:9-43
31        android:label="@string/app_name"
31-->src/main/AndroidManifest.xml:21:9-41
32        android:requestLegacyExternalStorage="false"
32-->src/main/AndroidManifest.xml:25:9-53
33        android:roundIcon="@mipmap/ic_launcher_round"
33-->src/main/AndroidManifest.xml:22:9-54
34        android:supportsRtl="true"
34-->src/main/AndroidManifest.xml:23:9-35
35        android:theme="@style/Theme.CodeLearnAndroid" >
35-->src/main/AndroidManifest.xml:24:9-54
36
37        <!-- Main Activity -->
38        <activity
38-->src/main/AndroidManifest.xml:29:9-39:20
39            android:name="com.codelearn.android.MainActivity"
39-->src/main/AndroidManifest.xml:30:13-41
40            android:exported="true"
40-->src/main/AndroidManifest.xml:31:13-36
41            android:screenOrientation="portrait"
41-->src/main/AndroidManifest.xml:33:13-49
42            android:theme="@style/Theme.CodeLearnAndroid.NoActionBar"
42-->src/main/AndroidManifest.xml:32:13-70
43            android:windowSoftInputMode="adjustResize" >
43-->src/main/AndroidManifest.xml:34:13-55
44            <intent-filter>
44-->src/main/AndroidManifest.xml:35:13-38:29
45                <action android:name="android.intent.action.MAIN" />
45-->src/main/AndroidManifest.xml:36:17-69
45-->src/main/AndroidManifest.xml:36:25-66
46
47                <category android:name="android.intent.category.LAUNCHER" />
47-->src/main/AndroidManifest.xml:37:17-77
47-->src/main/AndroidManifest.xml:37:27-74
48            </intent-filter>
49        </activity>
50
51        <!-- File Provider for sharing code files -->
52        <provider
53            android:name="androidx.core.content.FileProvider"
53-->src/main/AndroidManifest.xml:43:13-62
54            android:authorities="com.codelearn.android.fileprovider"
54-->src/main/AndroidManifest.xml:44:13-64
55            android:exported="false"
55-->src/main/AndroidManifest.xml:45:13-37
56            android:grantUriPermissions="true" >
56-->src/main/AndroidManifest.xml:46:13-47
57            <meta-data
57-->src/main/AndroidManifest.xml:47:13-49:54
58                android:name="android.support.FILE_PROVIDER_PATHS"
58-->src/main/AndroidManifest.xml:48:17-67
59                android:resource="@xml/file_paths" />
59-->src/main/AndroidManifest.xml:49:17-51
60        </provider>
61        <provider
61-->[androidx.emoji2:emoji2:1.2.0] AndroidManifest.xml:24:9-32:20
62            android:name="androidx.startup.InitializationProvider"
62-->[androidx.emoji2:emoji2:1.2.0] AndroidManifest.xml:25:13-67
63            android:authorities="com.codelearn.android.androidx-startup"
63-->[androidx.emoji2:emoji2:1.2.0] AndroidManifest.xml:26:13-68
64            android:exported="false" >
64-->[androidx.emoji2:emoji2:1.2.0] AndroidManifest.xml:27:13-37
65            <meta-data
65-->[androidx.emoji2:emoji2:1.2.0] AndroidManifest.xml:29:13-31:52
66                android:name="androidx.emoji2.text.EmojiCompatInitializer"
66-->[androidx.emoji2:emoji2:1.2.0] AndroidManifest.xml:30:17-75
67                android:value="androidx.startup" />
67-->[androidx.emoji2:emoji2:1.2.0] AndroidManifest.xml:31:17-49
68            <meta-data
68-->[androidx.lifecycle:lifecycle-process:2.4.1] AndroidManifest.xml:31:13-33:52
69                android:name="androidx.lifecycle.ProcessLifecycleInitializer"
69-->[androidx.lifecycle:lifecycle-process:2.4.1] AndroidManifest.xml:32:17-78
70                android:value="androidx.startup" />
70-->[androidx.lifecycle:lifecycle-process:2.4.1] AndroidManifest.xml:33:17-49
71        </provider>
72
73        <uses-library
73-->[androidx.window:window:1.0.0] AndroidManifest.xml:25:9-27:40
74            android:name="androidx.window.extensions"
74-->[androidx.window:window:1.0.0] AndroidManifest.xml:26:13-54
75            android:required="false" />
75-->[androidx.window:window:1.0.0] AndroidManifest.xml:27:13-37
76        <uses-library
76-->[androidx.window:window:1.0.0] AndroidManifest.xml:28:9-30:40
77            android:name="androidx.window.sidecar"
77-->[androidx.window:window:1.0.0] AndroidManifest.xml:29:13-51
78            android:required="false" />
78-->[androidx.window:window:1.0.0] AndroidManifest.xml:30:13-37
79    </application>
80
81</manifest>